Using pre-set license
Built from '2021.3/staging' branch; Version is '2021.3.24f1 (cf10dcf7010d) revision 13570268'; Using compiler version '192829333'; Build Type 'Release'
OS: 'Windows 10  (10.0.19045) 64bit Professional' Language: 'ko' Physical Memory: 16322 MB
BatchMode: 1, IsHumanControllingUs: 0, StartBugReporterOnCrash: 0, Is64bit: 1, IsPro: 1

COMMAND LINE ARGUMENTS:
C:\Program Files\Unity\Hub\Editor\2021.3.24f1\Editor\Unity.exe
-adb2
-batchMode
-noUpm
-name
AssetImportWorker0
-projectPath
C:/JIO/IOProject
-logFile
Logs/AssetImportWorker0.log
-srvPort
52343
Successfully changed project path to: C:/JIO/IOProject
C:/JIO/IOProject
[UnityMemory] Configuration Parameters - Can be set up in boot.config
    "memorysetup-bucket-allocator-granularity=16"
    "memorysetup-bucket-allocator-bucket-count=8"
    "memorysetup-bucket-allocator-block-size=33554432"
    "memorysetup-bucket-allocator-block-count=8"
    "memorysetup-main-allocator-block-size=16777216"
    "memorysetup-thread-allocator-block-size=16777216"
    "memorysetup-gfx-main-allocator-block-size=16777216"
    "memorysetup-gfx-thread-allocator-block-size=16777216"
    "memorysetup-cache-allocator-block-size=4194304"
    "memorysetup-typetree-allocator-block-size=2097152"
    "memorysetup-profiler-bucket-allocator-granularity=16"
    "memorysetup-profiler-bucket-allocator-bucket-count=8"
    "memorysetup-profiler-bucket-allocator-block-size=33554432"
    "memorysetup-profiler-bucket-allocator-block-count=8"
    "memorysetup-profiler-allocator-block-size=16777216"
    "memorysetup-profiler-editor-allocator-block-size=1048576"
    "memorysetup-temp-allocator-size-main=16777216"
    "memorysetup-job-temp-allocator-block-size=2097152"
    "memorysetup-job-temp-allocator-block-size-background=1048576"
    "memorysetup-job-temp-allocator-reduction-small-platforms=262144"
    "memorysetup-temp-allocator-size-background-worker=32768"
    "memorysetup-temp-allocator-size-job-worker=262144"
    "memorysetup-temp-allocator-size-preload-manager=33554432"
    "memorysetup-temp-allocator-size-nav-mesh-worker=65536"
    "memorysetup-temp-allocator-size-audio-worker=65536"
    "memorysetup-temp-allocator-size-cloud-worker=32768"
    "memorysetup-temp-allocator-size-gi-baking-worker=262144"
    "memorysetup-temp-allocator-size-gfx=262144"
Player connection [16096] Host "[IP] 192.168.2.35 [Port] 0 [Flags] 2 [Guid] 3207363918 [EditorId] 3207363918 [Version] 1048832 [Id] WindowsEditor(7,L01) [Debug] 1 [PackageName] WindowsEditor [ProjectName] Editor" joined multi-casting on [225.0.0.222:54997]...

Player connection [16096] Host "[IP] 192.168.2.35 [Port] 0 [Flags] 2 [Guid] 3207363918 [EditorId] 3207363918 [Version] 1048832 [Id] WindowsEditor(7,L01) [Debug] 1 [PackageName] WindowsEditor [ProjectName] Editor" joined alternative multi-casting on [225.0.0.222:34997]...

Refreshing native plugins compatible for Editor in 67.13 ms, found 4 plugins.
Preloading 0 native plugins for Editor in 0.00 ms.
Initialize engine version: 2021.3.24f1 (cf10dcf7010d)
[Subsystems] Discovering subsystems at path C:/Program Files/Unity/Hub/Editor/2021.3.24f1/Editor/Data/Resources/UnitySubsystems
[Subsystems] Discovering subsystems at path C:/JIO/IOProject/Assets
GfxDevice: creating device client; threaded=0; jobified=0
Direct3D:
    Version:  Direct3D 11.0 [level 11.1]
    Renderer: NVIDIA GeForce GTX 1660 SUPER (ID=0x21c4)
    Vendor:   NVIDIA
    VRAM:     5991 MB
    Driver:   27.21.14.5751
Initialize mono
Mono path[0] = 'C:/Program Files/Unity/Hub/Editor/2021.3.24f1/Editor/Data/Managed'
Mono path[1] = 'C:/Program Files/Unity/Hub/Editor/2021.3.24f1/Editor/Data/MonoBleedingEdge/lib/mono/unityjit-win32'
Mono config path = 'C:/Program Files/Unity/Hub/Editor/2021.3.24f1/Editor/Data/MonoBleedingEdge/etc'
Using monoOptions --debugger-agent=transport=dt_socket,embedding=1,server=y,suspend=n,address=127.0.0.1:56980
Begin MonoManager ReloadAssembly
Registering precompiled unity dll's ...
Register platform support module: C:/Program Files/Unity/Hub/Editor/2021.3.24f1/Editor/Data/PlaybackEngines/WindowsStandaloneSupport/UnityEditor.WindowsStandalone.Extensions.dll
Registered in 0.003279 seconds.
Native extension for WindowsStandalone target not found
Refreshing native plugins compatible for Editor in 68.48 ms, found 4 plugins.
Preloading 0 native plugins for Editor in 0.00 ms.
Mono: successfully reloaded assembly
- Completed reload, in  0.496 seconds
Domain Reload Profiling:
	ReloadAssembly (497ms)
		BeginReloadAssembly (64ms)
			ExecutionOrderSort (0ms)
			DisableScriptedObjects (0ms)
			BackupInstance (0ms)
			ReleaseScriptingObjects (0ms)
			CreateAndSetChildDomain (1ms)
		EndReloadAssembly (358ms)
			LoadAssemblies (64ms)
			RebuildTransferFunctionScriptingTraits (0ms)
			SetupTypeCache (83ms)
			ReleaseScriptCaches (0ms)
			RebuildScriptCaches (23ms)
			SetupLoadedEditorAssemblies (214ms)
				LogAssemblyErrors (0ms)
				InitializePlatformSupportModulesInManaged (6ms)
				SetLoadedEditorAssemblies (0ms)
				RefreshPlugins (69ms)
				BeforeProcessingInitializeOnLoad (1ms)
				ProcessInitializeOnLoadAttributes (99ms)
				ProcessInitializeOnLoadMethodAttributes (39ms)
				AfterProcessingInitializeOnLoad (0ms)
				EditorAssembliesLoaded (0ms)
			ExecutionOrderSort2 (0ms)
			AwakeInstancesAfterBackupRestoration (0ms)
Platform modules already initialized, skipping
Registering precompiled user dll's ...
Registered in 0.003727 seconds.
Begin MonoManager ReloadAssembly
Symbol file LoadedFromMemory doesn't match image C:\JIO\IOProject\Library\PackageCache\com.unity.visualscripting@1.8.0\Editor\VisualScripting.Core\Dependencies\YamlDotNet\Unity.VisualScripting.YamlDotNet.dll
Symbol file LoadedFromMemory doesn't match image C:\JIO\IOProject\Library\PackageCache\com.unity.visualscripting@1.8.0\Editor\VisualScripting.Core\Dependencies\DotNetZip\Unity.VisualScripting.IonicZip.dll
Native extension for WindowsStandalone target not found
Refreshing native plugins compatible for Editor in 67.54 ms, found 4 plugins.
Preloading 0 native plugins for Editor in 0.00 ms.
Mono: successfully reloaded assembly
- Completed reload, in  0.862 seconds
Domain Reload Profiling:
	ReloadAssembly (863ms)
		BeginReloadAssembly (92ms)
			ExecutionOrderSort (0ms)
			DisableScriptedObjects (5ms)
			BackupInstance (0ms)
			ReleaseScriptingObjects (0ms)
			CreateAndSetChildDomain (15ms)
		EndReloadAssembly (689ms)
			LoadAssemblies (72ms)
			RebuildTransferFunctionScriptingTraits (0ms)
			SetupTypeCache (191ms)
			ReleaseScriptCaches (1ms)
			RebuildScriptCaches (47ms)
			SetupLoadedEditorAssemblies (349ms)
				LogAssemblyErrors (0ms)
				InitializePlatformSupportModulesInManaged (3ms)
				SetLoadedEditorAssemblies (0ms)
				RefreshPlugins (68ms)
				BeforeProcessingInitializeOnLoad (69ms)
				ProcessInitializeOnLoadAttributes (177ms)
				ProcessInitializeOnLoadMethodAttributes (28ms)
				AfterProcessingInitializeOnLoad (4ms)
				EditorAssembliesLoaded (0ms)
			ExecutionOrderSort2 (0ms)
			AwakeInstancesAfterBackupRestoration (6ms)
Platform modules already initialized, skipping
========================================================================
Worker process is ready to serve import requests
Launched and connected shader compiler UnityShaderCompiler.exe after 0.03 seconds
Refreshing native plugins compatible for Editor in 0.58 ms, found 4 plugins.
Preloading 0 native plugins for Editor in 0.00 ms.
Unloading 3771 Unused Serialized files (Serialized files now loaded: 0)
Unloading 35 unused Assets / (56.1 KB). Loaded Objects now: 4230.
Memory consumption went from 149.9 MB to 149.8 MB.
Total: 2.855800 ms (FindLiveObjects: 0.278000 ms CreateObjectMapping: 0.226700 ms MarkObjects: 2.287500 ms  DeleteObjects: 0.063100 ms)

AssetImportParameters requested are different than current active one (requested -> active):
  custom:video-decoder-ogg-theora: a1e56fd34408186e4bbccfd4996cb3dc -> 
  custom:container-muxer-webm: aa71ff27fc2769a1b78a27578f13a17b -> 
  custom:container-demuxer-webm: 4f35f7cbe854078d1ac9338744f61a02 -> 
  custom:video-encoder-webm-vp8: eb34c28f22e8b96e1ab97ce403110664 -> 
  custom:audio-encoder-webm-vorbis: bf7c407c2cedff20999df2af8eb42d56 -> 
  custom:framework-win-MediaFoundation: 216162199b28c13a410421893ffa2e32 -> 
  custom:container-demuxer-ogg: 62fdf1f143b41e24485cea50d1cbac27 -> 
  custom:video-decoder-webm-vp8: 9c59270c3fd7afecdb556c50c9e8de78 -> 
  custom:audio-decoder-ogg-vorbis: bf7c407c2cedff20999df2af8eb42d56 -> 
========================================================================
Received Import Request.
  Time since last request: 1741.388302 seconds.
  path: Assets/Add Assets/Art
  artifactKey: Guid(b5792c399f30f1047bd3aa538b60e118) Importer(815301076,1909f56bfc062723c751e8b465ee728b)
Start importing Assets/Add Assets/Art using Guid(b5792c399f30f1047bd3aa538b60e118) Importer(815301076,1909f56bfc062723c751e8b465ee728b)  -> (artifact id: 'ef070b9b0c47a81de3895b4f3b6c44c8') in 0.005418 seconds 
========================================================================
Received Import Request.
  Time since last request: 0.000017 seconds.
  path: Assets/Add Assets/Art/Zone Weapon Effect.png
  artifactKey: Guid(0c78c8dd7f0745146b5b5c4fad8288e4) Importer(815301076,1909f56bfc062723c751e8b465ee728b)
Start importing Assets/Add Assets/Art/Zone Weapon Effect.png using Guid(0c78c8dd7f0745146b5b5c4fad8288e4) Importer(815301076,1909f56bfc062723c751e8b465ee728b)  -> (artifact id: '11c609e128df041b580d6071f1e079b2') in 0.085412 seconds 
========================================================================
Received Import Request.
  Time since last request: 0.000016 seconds.
  path: Assets/Add Assets/Art/Dungeon Crawl Selected Sprites.png
  artifactKey: Guid(99f10abcf979e904b883da0c6922d74f) Importer(815301076,1909f56bfc062723c751e8b465ee728b)
Start importing Assets/Add Assets/Art/Dungeon Crawl Selected Sprites.png using Guid(99f10abcf979e904b883da0c6922d74f) Importer(815301076,1909f56bfc062723c751e8b465ee728b)  -> (artifact id: '6237efd337d20608fc7ea1376a3e01e5') in 0.028320 seconds 
========================================================================
Received Import Request.
  Time since last request: 0.000024 seconds.
  path: Assets/Add Assets/Art/Gradient.png
  artifactKey: Guid(3994d00805eb6a44d9c00e7a66fc3f14) Importer(815301076,1909f56bfc062723c751e8b465ee728b)
Start importing Assets/Add Assets/Art/Gradient.png using Guid(3994d00805eb6a44d9c00e7a66fc3f14) Importer(815301076,1909f56bfc062723c751e8b465ee728b)  -> (artifact id: 'afcff99b7808ff875399234b1fa2df9b') in 0.011613 seconds 
========================================================================
Received Import Request.
  Time since last request: 5.052307 seconds.
  path: Assets/Add Assets/Fonts
  artifactKey: Guid(7aa061c704c89c2449caac8c88d2d082) Importer(815301076,1909f56bfc062723c751e8b465ee728b)
Start importing Assets/Add Assets/Fonts using Guid(7aa061c704c89c2449caac8c88d2d082) Importer(815301076,1909f56bfc062723c751e8b465ee728b)  -> (artifact id: '29c6dea720565c97c1fe92b947f726c8') in 0.001120 seconds 
========================================================================
Received Import Request.
  Time since last request: 0.727990 seconds.
  path: Assets/Add Assets/Fonts/Kenney Fonts
  artifactKey: Guid(142cbf5e0637857478f6914c757fdb68) Importer(815301076,1909f56bfc062723c751e8b465ee728b)
Start importing Assets/Add Assets/Fonts/Kenney Fonts using Guid(142cbf5e0637857478f6914c757fdb68) Importer(815301076,1909f56bfc062723c751e8b465ee728b)  -> (artifact id: '9f45f1784e0f6df8c024538f7fb409d8') in 0.000976 seconds 
========================================================================
Received Import Request.
  Time since last request: 0.090007 seconds.
  path: Assets/Add Assets/Fonts/Kenney Fonts/Kenney Pixel SDF.asset
  artifactKey: Guid(b38b476a3718c5f49b2f9c1deec6577b) Importer(815301076,1909f56bfc062723c751e8b465ee728b)
Start importing Assets/Add Assets/Fonts/Kenney Fonts/Kenney Pixel SDF.asset using Guid(b38b476a3718c5f49b2f9c1deec6577b) Importer(815301076,1909f56bfc062723c751e8b465ee728b)  -> (artifact id: 'dae99408dfe891a424ae72da3ed4fa7f') in 0.059184 seconds 
========================================================================
Received Import Request.
  Time since last request: 9.965440 seconds.
  path: Assets/Prefab/Coin.prefab
  artifactKey: Guid(a0763d6d8251adc4eb739d66f1e4473c) Importer(815301076,1909f56bfc062723c751e8b465ee728b)
Start importing Assets/Prefab/Coin.prefab using Guid(a0763d6d8251adc4eb739d66f1e4473c) Importer(815301076,1909f56bfc062723c751e8b465ee728b)  -> (artifact id: '944796693265e86586a0704ad6bc9547') in 0.040868 seconds 
========================================================================
Received Import Request.
  Time since last request: 1.078744 seconds.
  path: Assets/Prefab/Monster
  artifactKey: Guid(9dc1c8d28df9ddb4b9dc1617c26cda13) Importer(815301076,1909f56bfc062723c751e8b465ee728b)
Start importing Assets/Prefab/Monster using Guid(9dc1c8d28df9ddb4b9dc1617c26cda13) Importer(815301076,1909f56bfc062723c751e8b465ee728b)  -> (artifact id: 'd6e02e717ae09d321665cb52ffafc3f6') in 0.000931 seconds 
========================================================================
Received Import Request.
  Time since last request: 0.063921 seconds.
  path: Assets/Prefab/Monster/Monster1.prefab
  artifactKey: Guid(dff6ccaf538e70d4c9fcf0aefabff1b3) Importer(815301076,1909f56bfc062723c751e8b465ee728b)
Start importing Assets/Prefab/Monster/Monster1.prefab using Guid(dff6ccaf538e70d4c9fcf0aefabff1b3) Importer(815301076,1909f56bfc062723c751e8b465ee728b)  -> (artifact id: 'e638518fd00219840a788e0d34f112b9') in 0.007039 seconds 
========================================================================
Received Import Request.
  Time since last request: 17.531704 seconds.
  path: Assets/pallete/Vampire Survival Sprites_Padded_0.asset
  artifactKey: Guid(c181c93a52cb7e34da08e5c12484a662) Importer(815301076,1909f56bfc062723c751e8b465ee728b)
Start importing Assets/pallete/Vampire Survival Sprites_Padded_0.asset using Guid(c181c93a52cb7e34da08e5c12484a662) Importer(815301076,1909f56bfc062723c751e8b465ee728b)  -> (artifact id: 'd95a4e9bb8e0de2eafd6c0fcae1120bb') in 0.006263 seconds 
========================================================================
Received Import Request.
  Time since last request: 0.845210 seconds.
  path: Assets/pallete/Vampire Survival Sprites_Padded_3.asset
  artifactKey: Guid(7140937f80bc7754fae7f003acf62dc1) Importer(815301076,1909f56bfc062723c751e8b465ee728b)
Start importing Assets/pallete/Vampire Survival Sprites_Padded_3.asset using Guid(7140937f80bc7754fae7f003acf62dc1) Importer(815301076,1909f56bfc062723c751e8b465ee728b)  -> (artifact id: '0283a8e740a1d5b34b4a400eb88f875a') in 0.005027 seconds 
========================================================================
Received Import Request.
  Time since last request: 0.818743 seconds.
  path: Assets/pallete/Vampire Survival Sprites_Padded_8.asset
  artifactKey: Guid(cc1ce913bd1e6df49baefa82e367efb2) Importer(815301076,1909f56bfc062723c751e8b465ee728b)
Start importing Assets/pallete/Vampire Survival Sprites_Padded_8.asset using Guid(cc1ce913bd1e6df49baefa82e367efb2) Importer(815301076,1909f56bfc062723c751e8b465ee728b)  -> (artifact id: '3e4137ac4615b7521dea375f7f0bbbfa') in 0.003896 seconds 
========================================================================
Received Import Request.
  Time since last request: 0.000018 seconds.
  path: Assets/pallete/Vampire Survival Sprites_Padded_16.asset
  artifactKey: Guid(a1783f22d0460df42b69ea4247a32398) Importer(815301076,1909f56bfc062723c751e8b465ee728b)
Start importing Assets/pallete/Vampire Survival Sprites_Padded_16.asset using Guid(a1783f22d0460df42b69ea4247a32398) Importer(815301076,1909f56bfc062723c751e8b465ee728b)  -> (artifact id: '81cc02d3b0e40deda11fe719a4ded753') in 0.004925 seconds 
========================================================================
Received Import Request.
  Time since last request: 0.000016 seconds.
  path: Assets/pallete/Vampire Survival Sprites_Padded_17.asset
  artifactKey: Guid(ab1fda23ad749b84184d9526b49af650) Importer(815301076,1909f56bfc062723c751e8b465ee728b)
Start importing Assets/pallete/Vampire Survival Sprites_Padded_17.asset using Guid(ab1fda23ad749b84184d9526b49af650) Importer(815301076,1909f56bfc062723c751e8b465ee728b)  -> (artifact id: '472c4c865755191bd6f34c8fe158d0d1') in 0.005383 seconds 
========================================================================
Received Import Request.
  Time since last request: 0.000021 seconds.
  path: Assets/pallete/Vampire Survival Sprites_Padded_15.asset
  artifactKey: Guid(7a76a0b0b65eba24b94eaec7c2b60d86) Importer(815301076,1909f56bfc062723c751e8b465ee728b)
Start importing Assets/pallete/Vampire Survival Sprites_Padded_15.asset using Guid(7a76a0b0b65eba24b94eaec7c2b60d86) Importer(815301076,1909f56bfc062723c751e8b465ee728b)  -> (artifact id: 'bd6bbee3b8a2be2068dce6478ca490d6') in 0.005360 seconds 
========================================================================
Received Import Request.
  Time since last request: 0.000031 seconds.
  path: Assets/pallete/Vampire Survival Sprites_Padded_14.asset
  artifactKey: Guid(dbb79bddd974260499457e90518f0088) Importer(815301076,1909f56bfc062723c751e8b465ee728b)
Start importing Assets/pallete/Vampire Survival Sprites_Padded_14.asset using Guid(dbb79bddd974260499457e90518f0088) Importer(815301076,1909f56bfc062723c751e8b465ee728b)  -> (artifact id: 'c011e73d4785f90446531c562af91b0d') in 0.005143 seconds 
========================================================================
Received Import Request.
  Time since last request: 0.000037 seconds.
  path: Assets/pallete/Vampire Survival Sprites_Padded_20.asset
  artifactKey: Guid(0e0c22903f558024e84d6a7cf213eb17) Importer(815301076,1909f56bfc062723c751e8b465ee728b)
Start importing Assets/pallete/Vampire Survival Sprites_Padded_20.asset using Guid(0e0c22903f558024e84d6a7cf213eb17) Importer(815301076,1909f56bfc062723c751e8b465ee728b)  -> (artifact id: 'f27aa978752d7a1b0548f704697167f7') in 0.004411 seconds 
========================================================================
Received Import Request.
  Time since last request: 0.000017 seconds.
  path: Assets/pallete/Vampire Survival Sprites_Padded_21.asset
  artifactKey: Guid(7b3c5e753cb6e4742b65bb88c2d713fd) Importer(815301076,1909f56bfc062723c751e8b465ee728b)
Start importing Assets/pallete/Vampire Survival Sprites_Padded_21.asset using Guid(7b3c5e753cb6e4742b65bb88c2d713fd) Importer(815301076,1909f56bfc062723c751e8b465ee728b)  -> (artifact id: '82f711728d4d5390b23e8c3e654a30fe') in 0.004779 seconds 
========================================================================
Received Import Request.
  Time since last request: 0.000022 seconds.
  path: Assets/pallete/Vampire Survival Sprites_Padded_2.asset
  artifactKey: Guid(76def4c847ed2ac4cac54d2cfa5c6d30) Importer(815301076,1909f56bfc062723c751e8b465ee728b)
Start importing Assets/pallete/Vampire Survival Sprites_Padded_2.asset using Guid(76def4c847ed2ac4cac54d2cfa5c6d30) Importer(815301076,1909f56bfc062723c751e8b465ee728b)  -> (artifact id: '2f221ad5fea386a01a6fa71872504eef') in 0.004408 seconds 
========================================================================
Received Import Request.
  Time since last request: 0.000041 seconds.
  path: Assets/pallete/Vampire Survival Sprites_Padded_23.asset
  artifactKey: Guid(55e2dd4e5e782a4448516c16a0623915) Importer(815301076,1909f56bfc062723c751e8b465ee728b)
Start importing Assets/pallete/Vampire Survival Sprites_Padded_23.asset using Guid(55e2dd4e5e782a4448516c16a0623915) Importer(815301076,1909f56bfc062723c751e8b465ee728b)  -> (artifact id: 'd79bc0393bff778b95f134ac46045a0e') in 0.004161 seconds 
========================================================================
Received Import Request.
  Time since last request: 0.000012 seconds.
  path: Assets/pallete/Vampire Survival Sprites_Padded_12.asset
  artifactKey: Guid(51736ba74c09f7644b107c285d4af02c) Importer(815301076,1909f56bfc062723c751e8b465ee728b)
Start importing Assets/pallete/Vampire Survival Sprites_Padded_12.asset using Guid(51736ba74c09f7644b107c285d4af02c) Importer(815301076,1909f56bfc062723c751e8b465ee728b)  -> (artifact id: '60623adbabefff5845d82c96af3afd61') in 0.004751 seconds 
========================================================================
Received Import Request.
  Time since last request: 0.000025 seconds.
  path: Assets/pallete/Vampire Survival Sprites_Padded_24.asset
  artifactKey: Guid(f1fbeefaf12b7db4b83b0cf7d6d2a1c4) Importer(815301076,1909f56bfc062723c751e8b465ee728b)
Start importing Assets/pallete/Vampire Survival Sprites_Padded_24.asset using Guid(f1fbeefaf12b7db4b83b0cf7d6d2a1c4) Importer(815301076,1909f56bfc062723c751e8b465ee728b)  -> (artifact id: 'cd2163df69320c0e356ecfa6862fa62b') in 0.004075 seconds 
========================================================================
Received Import Request.
  Time since last request: 0.937482 seconds.
  path: Assets/Palette/Tile.prefab
  artifactKey: Guid(1baae754dc376f747a90afd3374f3c6b) Importer(815301076,1909f56bfc062723c751e8b465ee728b)
Start importing Assets/Palette/Tile.prefab using Guid(1baae754dc376f747a90afd3374f3c6b) Importer(815301076,1909f56bfc062723c751e8b465ee728b)  -> (artifact id: '7c30e1e6933462373134bc15b419b331') in 0.016778 seconds 
Editor requested this worker to shutdown with reason: Scaling down because of idle timeout
AssetImportWorker is now disconnected from the server
Process exiting
Exiting without the bug reporter. Application will terminate with return code 0